<?xml version="1.0" encoding="UTF-8"?>
<robot generator="Robot 6.1.1 (Python 3.10.13 on linux)" generated="20231118 15:22:45.779" rpa="false" schemaversion="4">
<suite id="s1" name="Tests" source="/home/vaivilja/palautusrepositorio/viikko3/hello-robot/src/tests">
<suite id="s1-s1" name="Increase Counter" source="/home/vaivilja/palautusrepositorio/viikko3/hello-robot/src/tests/increase_counter.robot">
<test id="s1-s1-t1" name="Increase Counter Once" line="5">
<kw name="Counter Value Should Be" library="CounterLibrary">
<arg>0</arg>
<status status="PASS" starttime="20231118 15:22:45.793" endtime="20231118 15:22:45.793"/>
</kw>
<kw name="Increase Counter" library="CounterLibrary">
<status status="PASS" starttime="20231118 15:22:45.793" endtime="20231118 15:22:45.793"/>
</kw>
<kw name="Counter Value Should Be" library="CounterLibrary">
<arg>1</arg>
<status status="PASS" starttime="20231118 15:22:45.793" endtime="20231118 15:22:45.793"/>
</kw>
<status status="PASS" starttime="20231118 15:22:45.793" endtime="20231118 15:22:45.793"/>
</test>
<test id="s1-s1-t2" name="Increase Counter Many Times" line="10">
<kw name="Counter Value Should Be" library="CounterLibrary">
<arg>0</arg>
<status status="PASS" starttime="20231118 15:22:45.794" endtime="20231118 15:22:45.794"/>
</kw>
<kw name="Increase Counter" library="CounterLibrary">
<status status="PASS" starttime="20231118 15:22:45.794" endtime="20231118 15:22:45.794"/>
</kw>
<kw name="Increase Counter" library="CounterLibrary">
<status status="PASS" starttime="20231118 15:22:45.794" endtime="20231118 15:22:45.794"/>
</kw>
<kw name="Increase Counter" library="CounterLibrary">
<status status="PASS" starttime="20231118 15:22:45.794" endtime="20231118 15:22:45.794"/>
</kw>
<kw name="Counter Value Should Be" library="CounterLibrary">
<arg>3</arg>
<status status="PASS" starttime="20231118 15:22:45.794" endtime="20231118 15:22:45.794"/>
</kw>
<status status="PASS" starttime="20231118 15:22:45.793" endtime="20231118 15:22:45.794"/>
</test>
<test id="s1-s1-t3" name="Increment Counter By Amount" line="17">
<kw name="Counter Value Should Be" library="CounterLibrary">
<arg>0</arg>
<status status="PASS" starttime="20231118 15:22:45.794" endtime="20231118 15:22:45.794"/>
</kw>
<kw name="Increment Counter By" library="CounterLibrary">
<arg>5</arg>
<status status="PASS" starttime="20231118 15:22:45.795" endtime="20231118 15:22:45.795"/>
</kw>
<kw name="Counter Value Should Be" library="CounterLibrary">
<arg>5</arg>
<status status="PASS" starttime="20231118 15:22:45.795" endtime="20231118 15:22:45.795"/>
</kw>
<status status="PASS" starttime="20231118 15:22:45.794" endtime="20231118 15:22:45.795"/>
</test>
<status status="PASS" starttime="20231118 15:22:45.791" endtime="20231118 15:22:45.795"/>
</suite>
<suite id="s1-s2" name="Reset Counter" source="/home/vaivilja/palautusrepositorio/viikko3/hello-robot/src/tests/reset_counter.robot">
<test id="s1-s2-t1" name="Reset Counter After One Increment" line="5">
<kw name="Counter Value Should Be" library="CounterLibrary">
<arg>0</arg>
<status status="PASS" starttime="20231118 15:22:45.797" endtime="20231118 15:22:45.797"/>
</kw>
<kw name="Increase Counter" library="CounterLibrary">
<status status="PASS" starttime="20231118 15:22:45.797" endtime="20231118 15:22:45.797"/>
</kw>
<kw name="Counter Value Should Be" library="CounterLibrary">
<arg>1</arg>
<status status="PASS" starttime="20231118 15:22:45.797" endtime="20231118 15:22:45.797"/>
</kw>
<kw name="Reset Counter" library="CounterLibrary">
<status status="PASS" starttime="20231118 15:22:45.797" endtime="20231118 15:22:45.797"/>
</kw>
<kw name="Counter Value Should Be" library="CounterLibrary">
<arg>0</arg>
<status status="PASS" starttime="20231118 15:22:45.797" endtime="20231118 15:22:45.797"/>
</kw>
<status status="PASS" starttime="20231118 15:22:45.796" endtime="20231118 15:22:45.797"/>
</test>
<test id="s1-s2-t2" name="Reset Counter After Several Increments" line="12">
<kw name="Counter Value Should Be" library="CounterLibrary">
<arg>0</arg>
<status status="PASS" starttime="20231118 15:22:45.798" endtime="20231118 15:22:45.798"/>
</kw>
<kw name="Increment Counter By" library="CounterLibrary">
<arg>5</arg>
<status status="PASS" starttime="20231118 15:22:45.798" endtime="20231118 15:22:45.798"/>
</kw>
<kw name="Counter Value Should Be" library="CounterLibrary">
<arg>5</arg>
<status status="PASS" starttime="20231118 15:22:45.798" endtime="20231118 15:22:45.798"/>
</kw>
<kw name="Reset Counter" library="CounterLibrary">
<status status="PASS" starttime="20231118 15:22:45.798" endtime="20231118 15:22:45.798"/>
</kw>
<kw name="Counter Value Should Be" library="CounterLibrary">
<arg>0</arg>
<status status="PASS" starttime="20231118 15:22:45.798" endtime="20231118 15:22:45.798"/>
</kw>
<status status="PASS" starttime="20231118 15:22:45.797" endtime="20231118 15:22:45.798"/>
</test>
<status status="PASS" starttime="20231118 15:22:45.795" endtime="20231118 15:22:45.798"/>
</suite>
<status status="PASS" starttime="20231118 15:22:45.780" endtime="20231118 15:22:45.799"/>
</suite>
<statistics>
<total>
<stat pass="5" fail="0" skip="0">All Tests</stat>
</total>
<tag>
</tag>
<suite>
<stat pass="5" fail="0" skip="0" id="s1" name="Tests">Tests</stat>
<stat pass="3" fail="0" skip="0" id="s1-s1" name="Increase Counter">Tests.Increase Counter</stat>
<stat pass="2" fail="0" skip="0" id="s1-s2" name="Reset Counter">Tests.Reset Counter</stat>
</suite>
</statistics>
<errors>
</errors>
</robot>
