<?xml version="1.0" encoding="UTF-8"?>
<robot generator="Robot 6.1.1 (Python 3.10.13 on linux)" generated="20231118 16:12:35.586" rpa="false" schemaversion="4">
<suite id="s1" name="Tests" source="/home/vaivilja/palautusrepositorio/viikko3/login-robot/src/tests">
<suite id="s1-s1" name="Login" source="/home/vaivilja/palautusrepositorio/viikko3/login-robot/src/tests/login.robot">
<test id="s1-s1-t1" name="Login With Correct Credentials" line="6">
<kw name="Create User And Input Login Command" type="SETUP">
<kw name="Create User" library="AppLibrary">
<arg>kalle</arg>
<arg>kalle123</arg>
<status status="PASS" starttime="20231118 16:12:35.601" endtime="20231118 16:12:35.601"/>
</kw>
<kw name="Input Login Command" library="resource">
<kw name="Input" library="AppLibrary">
<arg>login</arg>
<status status="PASS" starttime="20231118 16:12:35.602" endtime="20231118 16:12:35.602"/>
</kw>
<status status="PASS" starttime="20231118 16:12:35.601" endtime="20231118 16:12:35.602"/>
</kw>
<status status="PASS" starttime="20231118 16:12:35.601" endtime="20231118 16:12:35.602"/>
</kw>
<kw name="Input Credentials" library="resource">
<arg>kalle</arg>
<arg>kalle123</arg>
<kw name="Input" library="AppLibrary">
<arg>${username}</arg>
<status status="PASS" starttime="20231118 16:12:35.602" endtime="20231118 16:12:35.602"/>
</kw>
<kw name="Input" library="AppLibrary">
<arg>${password}</arg>
<status status="PASS" starttime="20231118 16:12:35.602" endtime="20231118 16:12:35.602"/>
</kw>
<kw name="Run Application" library="AppLibrary">
<status status="PASS" starttime="20231118 16:12:35.602" endtime="20231118 16:12:35.602"/>
</kw>
<status status="PASS" starttime="20231118 16:12:35.602" endtime="20231118 16:12:35.602"/>
</kw>
<kw name="Output Should Contain" library="AppLibrary">
<arg>Logged in</arg>
<status status="PASS" starttime="20231118 16:12:35.602" endtime="20231118 16:12:35.602"/>
</kw>
<status status="PASS" starttime="20231118 16:12:35.601" endtime="20231118 16:12:35.603"/>
</test>
<test id="s1-s1-t2" name="Login With Incorrect Password" line="10">
<kw name="Create User And Input Login Command" type="SETUP">
<kw name="Create User" library="AppLibrary">
<arg>kalle</arg>
<arg>kalle123</arg>
<status status="PASS" starttime="20231118 16:12:35.603" endtime="20231118 16:12:35.603"/>
</kw>
<kw name="Input Login Command" library="resource">
<kw name="Input" library="AppLibrary">
<arg>login</arg>
<status status="PASS" starttime="20231118 16:12:35.603" endtime="20231118 16:12:35.603"/>
</kw>
<status status="PASS" starttime="20231118 16:12:35.603" endtime="20231118 16:12:35.603"/>
</kw>
<status status="PASS" starttime="20231118 16:12:35.603" endtime="20231118 16:12:35.603"/>
</kw>
<kw name="Input Credentials" library="resource">
<arg>kalle</arg>
<arg>kalle12</arg>
<kw name="Input" library="AppLibrary">
<arg>${username}</arg>
<status status="PASS" starttime="20231118 16:12:35.604" endtime="20231118 16:12:35.604"/>
</kw>
<kw name="Input" library="AppLibrary">
<arg>${password}</arg>
<status status="PASS" starttime="20231118 16:12:35.604" endtime="20231118 16:12:35.604"/>
</kw>
<kw name="Run Application" library="AppLibrary">
<status status="PASS" starttime="20231118 16:12:35.604" endtime="20231118 16:12:35.604"/>
</kw>
<status status="PASS" starttime="20231118 16:12:35.603" endtime="20231118 16:12:35.604"/>
</kw>
<kw name="Output Should Contain" library="AppLibrary">
<arg>Invalid username or password</arg>
<status status="PASS" starttime="20231118 16:12:35.604" endtime="20231118 16:12:35.604"/>
</kw>
<status status="PASS" starttime="20231118 16:12:35.603" endtime="20231118 16:12:35.604"/>
</test>
<test id="s1-s1-t3" name="Login With Nonexistent Username" line="14">
<kw name="Create User And Input Login Command" type="SETUP">
<kw name="Create User" library="AppLibrary">
<arg>kalle</arg>
<arg>kalle123</arg>
<status status="PASS" starttime="20231118 16:12:35.605" endtime="20231118 16:12:35.605"/>
</kw>
<kw name="Input Login Command" library="resource">
<kw name="Input" library="AppLibrary">
<arg>login</arg>
<status status="PASS" starttime="20231118 16:12:35.605" endtime="20231118 16:12:35.605"/>
</kw>
<status status="PASS" starttime="20231118 16:12:35.605" endtime="20231118 16:12:35.605"/>
</kw>
<status status="PASS" starttime="20231118 16:12:35.604" endtime="20231118 16:12:35.605"/>
</kw>
<kw name="Input Credentials" library="resource">
<arg>kal</arg>
<arg>kalle123</arg>
<kw name="Input" library="AppLibrary">
<arg>${username}</arg>
<status status="PASS" starttime="20231118 16:12:35.605" endtime="20231118 16:12:35.605"/>
</kw>
<kw name="Input" library="AppLibrary">
<arg>${password}</arg>
<status status="PASS" starttime="20231118 16:12:35.605" endtime="20231118 16:12:35.605"/>
</kw>
<kw name="Run Application" library="AppLibrary">
<status status="PASS" starttime="20231118 16:12:35.605" endtime="20231118 16:12:35.605"/>
</kw>
<status status="PASS" starttime="20231118 16:12:35.605" endtime="20231118 16:12:35.605"/>
</kw>
<kw name="Output Should Contain" library="AppLibrary">
<arg>Invalid username or password</arg>
<status status="PASS" starttime="20231118 16:12:35.605" endtime="20231118 16:12:35.606"/>
</kw>
<status status="PASS" starttime="20231118 16:12:35.604" endtime="20231118 16:12:35.606"/>
</test>
<status status="PASS" starttime="20231118 16:12:35.598" endtime="20231118 16:12:35.606"/>
</suite>
<suite id="s1-s2" name="Register" source="/home/vaivilja/palautusrepositorio/viikko3/login-robot/src/tests/register.robot">
<test id="s1-s2-t1" name="Register With Valid Username And Password" line="5">
<kw name="Input Register Command">
<kw name="Input" library="AppLibrary">
<arg>register</arg>
<status status="PASS" starttime="20231118 16:12:35.608" endtime="20231118 16:12:35.608"/>
</kw>
<status status="PASS" starttime="20231118 16:12:35.608" endtime="20231118 16:12:35.608"/>
</kw>
<kw name="Input Register Credentials">
<arg>valid_user</arg>
<arg>valid_password</arg>
<kw name="Input" library="AppLibrary">
<arg>${username}</arg>
<status status="PASS" starttime="20231118 16:12:35.608" endtime="20231118 16:12:35.608"/>
</kw>
<kw name="Input" library="AppLibrary">
<arg>${password}</arg>
<status status="PASS" starttime="20231118 16:12:35.608" endtime="20231118 16:12:35.608"/>
</kw>
<kw name="Run Application" library="AppLibrary">
<status status="PASS" starttime="20231118 16:12:35.608" endtime="20231118 16:12:35.608"/>
</kw>
<status status="PASS" starttime="20231118 16:12:35.608" endtime="20231118 16:12:35.608"/>
</kw>
<kw name="Run Application" library="AppLibrary">
<status status="PASS" starttime="20231118 16:12:35.608" endtime="20231118 16:12:35.608"/>
</kw>
<kw name="Output Should Contain" library="AppLibrary">
<arg>New user registered</arg>
<msg timestamp="20231118 16:12:35.609" level="FAIL">Output "New user registered" is not in []</msg>
<status status="FAIL" starttime="20231118 16:12:35.609" endtime="20231118 16:12:35.609"/>
</kw>
<status status="FAIL" starttime="20231118 16:12:35.607" endtime="20231118 16:12:35.609">Output "New user registered" is not in []</status>
</test>
<test id="s1-s2-t2" name="Register With Already Taken Username And Valid Password" line="11">
<kw name="Input Register Command">
<kw name="Input" library="AppLibrary">
<arg>register</arg>
<status status="PASS" starttime="20231118 16:12:35.610" endtime="20231118 16:12:35.610"/>
</kw>
<status status="PASS" starttime="20231118 16:12:35.609" endtime="20231118 16:12:35.610"/>
</kw>
<kw name="Input Register Credentials">
<arg>existing_user</arg>
<arg>valid_password</arg>
<kw name="Input" library="AppLibrary">
<arg>${username}</arg>
<status status="PASS" starttime="20231118 16:12:35.610" endtime="20231118 16:12:35.610"/>
</kw>
<kw name="Input" library="AppLibrary">
<arg>${password}</arg>
<status status="PASS" starttime="20231118 16:12:35.610" endtime="20231118 16:12:35.610"/>
</kw>
<kw name="Run Application" library="AppLibrary">
<status status="PASS" starttime="20231118 16:12:35.610" endtime="20231118 16:12:35.610"/>
</kw>
<status status="PASS" starttime="20231118 16:12:35.610" endtime="20231118 16:12:35.610"/>
</kw>
<kw name="Run Application" library="AppLibrary">
<status status="PASS" starttime="20231118 16:12:35.610" endtime="20231118 16:12:35.610"/>
</kw>
<kw name="Output Should Contain" library="AppLibrary">
<arg>Username is already taken</arg>
<msg timestamp="20231118 16:12:35.611" level="FAIL">Output "Username is already taken" is not in []</msg>
<status status="FAIL" starttime="20231118 16:12:35.610" endtime="20231118 16:12:35.611"/>
</kw>
<status status="FAIL" starttime="20231118 16:12:35.609" endtime="20231118 16:12:35.611">Output "Username is already taken" is not in []</status>
</test>
<test id="s1-s2-t3" name="Register With Too Short Username And Valid Password" line="17">
<kw name="Input Register Command">
<kw name="Input" library="AppLibrary">
<arg>register</arg>
<status status="PASS" starttime="20231118 16:12:35.611" endtime="20231118 16:12:35.611"/>
</kw>
<status status="PASS" starttime="20231118 16:12:35.611" endtime="20231118 16:12:35.611"/>
</kw>
<kw name="Input Register Credentials">
<arg>shrt</arg>
<arg>valid_password</arg>
<kw name="Input" library="AppLibrary">
<arg>${username}</arg>
<status status="PASS" starttime="20231118 16:12:35.612" endtime="20231118 16:12:35.612"/>
</kw>
<kw name="Input" library="AppLibrary">
<arg>${password}</arg>
<status status="PASS" starttime="20231118 16:12:35.612" endtime="20231118 16:12:35.612"/>
</kw>
<kw name="Run Application" library="AppLibrary">
<status status="PASS" starttime="20231118 16:12:35.612" endtime="20231118 16:12:35.612"/>
</kw>
<status status="PASS" starttime="20231118 16:12:35.611" endtime="20231118 16:12:35.612"/>
</kw>
<kw name="Run Application" library="AppLibrary">
<status status="PASS" starttime="20231118 16:12:35.612" endtime="20231118 16:12:35.612"/>
</kw>
<kw name="Output Should Contain" library="AppLibrary">
<arg>Invalid username or password</arg>
<msg timestamp="20231118 16:12:35.612" level="FAIL">Output "Invalid username or password" is not in []</msg>
<status status="FAIL" starttime="20231118 16:12:35.612" endtime="20231118 16:12:35.612"/>
</kw>
<status status="FAIL" starttime="20231118 16:12:35.611" endtime="20231118 16:12:35.612">Output "Invalid username or password" is not in []</status>
</test>
<test id="s1-s2-t4" name="Register With Enough Long But Invalid Username And Valid Password" line="23">
<kw name="Input Register Command">
<kw name="Input" library="AppLibrary">
<arg>register</arg>
<status status="PASS" starttime="20231118 16:12:35.613" endtime="20231118 16:12:35.613"/>
</kw>
<status status="PASS" starttime="20231118 16:12:35.613" endtime="20231118 16:12:35.613"/>
</kw>
<kw name="Input Register Credentials">
<arg>invalid!user</arg>
<arg>valid_password</arg>
<kw name="Input" library="AppLibrary">
<arg>${username}</arg>
<status status="PASS" starttime="20231118 16:12:35.613" endtime="20231118 16:12:35.613"/>
</kw>
<kw name="Input" library="AppLibrary">
<arg>${password}</arg>
<status status="PASS" starttime="20231118 16:12:35.613" endtime="20231118 16:12:35.613"/>
</kw>
<kw name="Run Application" library="AppLibrary">
<status status="PASS" starttime="20231118 16:12:35.613" endtime="20231118 16:12:35.613"/>
</kw>
<status status="PASS" starttime="20231118 16:12:35.613" endtime="20231118 16:12:35.613"/>
</kw>
<kw name="Run Application" library="AppLibrary">
<status status="PASS" starttime="20231118 16:12:35.614" endtime="20231118 16:12:35.614"/>
</kw>
<kw name="Output Should Contain" library="AppLibrary">
<arg>Invalid username or password</arg>
<msg timestamp="20231118 16:12:35.614" level="FAIL">Output "Invalid username or password" is not in []</msg>
<status status="FAIL" starttime="20231118 16:12:35.614" endtime="20231118 16:12:35.614"/>
</kw>
<status status="FAIL" starttime="20231118 16:12:35.612" endtime="20231118 16:12:35.614">Output "Invalid username or password" is not in []</status>
</test>
<test id="s1-s2-t5" name="Register With Valid Username And Too Short Password" line="29">
<kw name="Input Register Command">
<kw name="Input" library="AppLibrary">
<arg>register</arg>
<status status="PASS" starttime="20231118 16:12:35.614" endtime="20231118 16:12:35.614"/>
</kw>
<status status="PASS" starttime="20231118 16:12:35.614" endtime="20231118 16:12:35.614"/>
</kw>
<kw name="Input Register Credentials">
<arg>valid_user</arg>
<arg>short</arg>
<kw name="Input" library="AppLibrary">
<arg>${username}</arg>
<status status="PASS" starttime="20231118 16:12:35.615" endtime="20231118 16:12:35.615"/>
</kw>
<kw name="Input" library="AppLibrary">
<arg>${password}</arg>
<status status="PASS" starttime="20231118 16:12:35.615" endtime="20231118 16:12:35.615"/>
</kw>
<kw name="Run Application" library="AppLibrary">
<status status="PASS" starttime="20231118 16:12:35.615" endtime="20231118 16:12:35.615"/>
</kw>
<status status="PASS" starttime="20231118 16:12:35.614" endtime="20231118 16:12:35.615"/>
</kw>
<kw name="Run Application" library="AppLibrary">
<status status="PASS" starttime="20231118 16:12:35.615" endtime="20231118 16:12:35.615"/>
</kw>
<kw name="Output Should Contain" library="AppLibrary">
<arg>Invalid username or password</arg>
<msg timestamp="20231118 16:12:35.615" level="FAIL">Output "Invalid username or password" is not in []</msg>
<status status="FAIL" starttime="20231118 16:12:35.615" endtime="20231118 16:12:35.615"/>
</kw>
<status status="FAIL" starttime="20231118 16:12:35.614" endtime="20231118 16:12:35.615">Output "Invalid username or password" is not in []</status>
</test>
<test id="s1-s2-t6" name="Register With Valid Username And Long Enough Password Containing Only Letters" line="35">
<kw name="Input Register Command">
<kw name="Input" library="AppLibrary">
<arg>register</arg>
<status status="PASS" starttime="20231118 16:12:35.616" endtime="20231118 16:12:35.616"/>
</kw>
<status status="PASS" starttime="20231118 16:12:35.616" endtime="20231118 16:12:35.616"/>
</kw>
<kw name="Input Register Credentials">
<arg>valid_user</arg>
<arg>longpassword</arg>
<kw name="Input" library="AppLibrary">
<arg>${username}</arg>
<status status="PASS" starttime="20231118 16:12:35.616" endtime="20231118 16:12:35.616"/>
</kw>
<kw name="Input" library="AppLibrary">
<arg>${password}</arg>
<status status="PASS" starttime="20231118 16:12:35.616" endtime="20231118 16:12:35.616"/>
</kw>
<kw name="Run Application" library="AppLibrary">
<status status="PASS" starttime="20231118 16:12:35.616" endtime="20231118 16:12:35.616"/>
</kw>
<status status="PASS" starttime="20231118 16:12:35.616" endtime="20231118 16:12:35.616"/>
</kw>
<kw name="Run Application" library="AppLibrary">
<status status="PASS" starttime="20231118 16:12:35.616" endtime="20231118 16:12:35.616"/>
</kw>
<kw name="Output Should Contain" library="AppLibrary">
<arg>New user registered</arg>
<msg timestamp="20231118 16:12:35.617" level="FAIL">Output "New user registered" is not in []</msg>
<status status="FAIL" starttime="20231118 16:12:35.617" endtime="20231118 16:12:35.617"/>
</kw>
<status status="FAIL" starttime="20231118 16:12:35.615" endtime="20231118 16:12:35.617">Output "New user registered" is not in []</status>
</test>
<status status="FAIL" starttime="20231118 16:12:35.606" endtime="20231118 16:12:35.617"/>
</suite>
<status status="FAIL" starttime="20231118 16:12:35.587" endtime="20231118 16:12:35.617"/>
</suite>
<statistics>
<total>
<stat pass="3" fail="6" skip="0">All Tests</stat>
</total>
<tag>
</tag>
<suite>
<stat pass="3" fail="6" skip="0" id="s1" name="Tests">Tests</stat>
<stat pass="3" fail="0" skip="0" id="s1-s1" name="Login">Tests.Login</stat>
<stat pass="0" fail="6" skip="0" id="s1-s2" name="Register">Tests.Register</stat>
</suite>
</statistics>
<errors>
</errors>
</robot>
